2024-09-12 14:49:12,552 [Worker-1: Loading available Gradle versions] INFO  o.e.b.c.i.u.g.PublishedGradleVersions - Gradle version information cache is not available. Remote download required.
2024-09-13 12:57:45,534 [Worker-5: Loading available Gradle versions] INFO  o.e.b.c.i.u.g.PublishedGradleVersions - Gradle version information cache is up-to-date. Trying to read.
2024-09-13 13:37:57,993 [Worker-21: Import Getting Started Content] INFO  o.e.m.c.i.l.LifecycleMappingFactory - Using org.eclipse.m2e.jdt.JarLifecycleMapping lifecycle mapping for MavenProject: br.com.erudio:rest-with-spring-boot-and-java-erudioo:0.0.1-SNAPSHOT @ C:\Users\Desenvolvedor\Documents\workspace-spring-tool-suite-4-4.25.0.RELEASE\rest-with-spring-boot-and-java-erudioo\pom.xml.
2024-09-13 13:38:01,927 [Worker-21: Import Getting Started Content] INFO  o.e.m.j.i.AbstractJavaProjectConfigurator - Adding source folder /rest-with-spring-boot-and-java-erudioo/src/main/java
2024-09-13 13:38:01,931 [Worker-21: Import Getting Started Content] INFO  o.e.m.j.i.AbstractJavaProjectConfigurator - Adding resource folder /rest-with-spring-boot-and-java-erudioo/src/main/resources
2024-09-13 13:38:01,944 [Worker-21: Import Getting Started Content] INFO  o.e.m.j.i.AbstractJavaProjectConfigurator - Adding resource folder /rest-with-spring-boot-and-java-erudioo/src/main/resources
2024-09-13 13:38:01,958 [Worker-21: Import Getting Started Content] INFO  o.e.m.j.i.AbstractJavaProjectConfigurator - Adding source folder /rest-with-spring-boot-and-java-erudioo/src/test/java
2024-09-13 13:38:01,960 [Worker-21: Import Getting Started Content] INFO  o.e.m.j.i.AbstractJavaProjectConfigurator - Adding resource folder /rest-with-spring-boot-and-java-erudioo/src/test/resources
2024-09-13 13:38:06,175 [Worker-21: Import Getting Started Content] INFO  o.e.m.c.i.p.ProjectConfigurationManager - Imported and configured 1 project(s) in 16 sec
2024-09-13 13:38:06,181 [Worker-21: Import Getting Started Content] INFO  o.e.m.c.i.p.ProjectConfigurationManager - Update started
2024-09-13 13:38:06,761 [Worker-21: Import Getting Started Content] INFO  o.e.m.c.i.l.LifecycleMappingFactory - Using org.eclipse.m2e.jdt.JarLifecycleMapping lifecycle mapping for MavenProject: br.com.erudio:rest-with-spring-boot-and-java-erudioo:0.0.1-SNAPSHOT @ C:\Users\Desenvolvedor\Documents\workspace-spring-tool-suite-4-4.25.0.RELEASE\rest-with-spring-boot-and-java-erudioo\pom.xml.
2024-09-13 13:38:07,478 [Worker-21: Import Getting Started Content] INFO  o.e.m.j.i.AbstractJavaProjectConfigurator - Adding source folder /rest-with-spring-boot-and-java-erudioo/src/main/java
2024-09-13 13:38:07,479 [Worker-21: Import Getting Started Content] INFO  o.e.m.j.i.AbstractJavaProjectConfigurator - Adding resource folder /rest-with-spring-boot-and-java-erudioo/src/main/resources
2024-09-13 13:38:07,481 [Worker-21: Import Getting Started Content] INFO  o.e.m.j.i.AbstractJavaProjectConfigurator - Adding resource folder /rest-with-spring-boot-and-java-erudioo/src/main/resources
2024-09-13 13:38:07,483 [Worker-21: Import Getting Started Content] INFO  o.e.m.j.i.AbstractJavaProjectConfigurator - Adding source folder /rest-with-spring-boot-and-java-erudioo/src/test/java
2024-09-13 13:38:07,484 [Worker-21: Import Getting Started Content] INFO  o.e.m.j.i.AbstractJavaProjectConfigurator - Adding resource folder /rest-with-spring-boot-and-java-erudioo/src/test/resources
2024-09-13 13:38:08,026 [Worker-21: Import Getting Started Content] INFO  o.e.m.c.i.p.ProjectConfigurationManager - Update completed for 1 poms: local refresh takes 0,00 sec, refresh facades takes 1,00 sec, update config takes 0,00 sec 
2024-09-13 13:38:08,115 [Worker-27: Updating Maven Project] INFO  o.e.m.c.i.p.ProjectConfigurationManager - Update started
2024-09-13 13:38:08,752 [Worker-27: Updating Maven Project] INFO  o.e.m.c.i.l.LifecycleMappingFactory - Using org.eclipse.m2e.jdt.JarLifecycleMapping lifecycle mapping for MavenProject: br.com.erudio:rest-with-spring-boot-and-java-erudioo:0.0.1-SNAPSHOT @ C:\Users\Desenvolvedor\Documents\workspace-spring-tool-suite-4-4.25.0.RELEASE\rest-with-spring-boot-and-java-erudioo\pom.xml.
2024-09-13 13:38:09,424 [Worker-27: Updating Maven Project] INFO  o.e.m.j.i.AbstractJavaProjectConfigurator - Adding source folder /rest-with-spring-boot-and-java-erudioo/src/main/java
2024-09-13 13:38:09,424 [Worker-27: Updating Maven Project] INFO  o.e.m.j.i.AbstractJavaProjectConfigurator - Adding resource folder /rest-with-spring-boot-and-java-erudioo/src/main/resources
2024-09-13 13:38:09,425 [Worker-27: Updating Maven Project] INFO  o.e.m.j.i.AbstractJavaProjectConfigurator - Adding resource folder /rest-with-spring-boot-and-java-erudioo/src/main/resources
2024-09-13 13:38:09,426 [Worker-27: Updating Maven Project] INFO  o.e.m.j.i.AbstractJavaProjectConfigurator - Adding source folder /rest-with-spring-boot-and-java-erudioo/src/test/java
2024-09-13 13:38:09,427 [Worker-27: Updating Maven Project] INFO  o.e.m.j.i.AbstractJavaProjectConfigurator - Adding resource folder /rest-with-spring-boot-and-java-erudioo/src/test/resources
2024-09-13 13:38:09,693 [Worker-27: Updating Maven Project] INFO  o.e.m.c.i.p.ProjectConfigurationManager - Update completed for 1 poms: local refresh takes 0,00 sec, refresh facades takes 1,00 sec, update config takes 0,00 sec 
2024-09-13 13:38:10,284 [Worker-27: Building] INFO  o.a.m.s.f.DefaultMavenResourcesFiltering - Copying 1 resource from src\main\resources to target\classes
2024-09-13 13:38:10,307 [Worker-27: Building] INFO  o.a.m.s.f.DefaultMavenResourcesFiltering - Copying 0 resource from src\main\resources to target\classes
2024-09-13 13:38:10,314 [Worker-27: Building] INFO  o.a.m.s.f.DefaultMavenResourcesFiltering - skip non existing resourceDirectory C:\Users\Desenvolvedor\Documents\workspace-spring-tool-suite-4-4.25.0.RELEASE\rest-with-spring-boot-and-java-erudioo\src\test\resources
2024-09-13 13:47:17,863 [Worker-30: Building] INFO  o.a.m.s.f.DefaultMavenResourcesFiltering - Copying 1 resource from src\main\resources to target\classes
2024-09-13 13:47:17,882 [Worker-30: Building] INFO  o.a.m.s.f.DefaultMavenResourcesFiltering - Copying 0 resource from src\main\resources to target\classes
2024-09-13 13:47:17,892 [Worker-30: Building] INFO  o.a.m.s.f.DefaultMavenResourcesFiltering - skip non existing resourceDirectory C:\Users\Desenvolvedor\Documents\workspace-spring-tool-suite-4-4.25.0.RELEASE\rest-with-spring-boot-and-java-erudioo\src\test\resources
2024-09-13 13:48:33,696 [Worker-29: Building] INFO  o.a.m.s.f.DefaultMavenResourcesFiltering - Copying 1 resource from src\main\resources to target\classes
2024-09-13 13:48:33,708 [Worker-29: Building] INFO  o.a.m.s.f.DefaultMavenResourcesFiltering - Copying 0 resource from src\main\resources to target\classes
2024-09-13 13:48:33,721 [Worker-29: Building] INFO  o.a.m.s.f.DefaultMavenResourcesFiltering - skip non existing resourceDirectory C:\Users\Desenvolvedor\Documents\workspace-spring-tool-suite-4-4.25.0.RELEASE\rest-with-spring-boot-and-java-erudioo\src\test\resources
2024-09-13 17:40:27,760 [Worker-46: Building] INFO  o.a.m.s.f.DefaultMavenResourcesFiltering - Copying 1 resource from src\main\resources to target\classes
2024-09-13 17:40:27,789 [Worker-46: Building] INFO  o.a.m.s.f.DefaultMavenResourcesFiltering - Copying 0 resource from src\main\resources to target\classes
2024-09-13 17:40:27,816 [Worker-46: Building] INFO  o.a.m.s.f.DefaultMavenResourcesFiltering - skip non existing resourceDirectory C:\Users\Desenvolvedor\Documents\workspace-spring-tool-suite-4-4.25.0.RELEASE\rest-with-spring-boot-and-java-erudioo\src\test\resources
2024-09-13 17:41:26,949 [Worker-43: Building] INFO  o.a.m.s.f.DefaultMavenResourcesFiltering - Copying 1 resource from src\main\resources to target\classes
2024-09-13 17:41:26,954 [Worker-43: Building] INFO  o.a.m.s.f.DefaultMavenResourcesFiltering - Copying 0 resource from src\main\resources to target\classes
2024-09-13 17:41:26,957 [Worker-43: Building] INFO  o.a.m.s.f.DefaultMavenResourcesFiltering - skip non existing resourceDirectory C:\Users\Desenvolvedor\Documents\workspace-spring-tool-suite-4-4.25.0.RELEASE\rest-with-spring-boot-and-java-erudioo\src\test\resources
2024-09-13 17:43:29,386 [Worker-49: Building] INFO  o.a.m.s.f.DefaultMavenResourcesFiltering - Copying 1 resource from src\main\resources to target\classes
2024-09-13 17:43:29,415 [Worker-49: Building] INFO  o.a.m.s.f.DefaultMavenResourcesFiltering - Copying 0 resource from src\main\resources to target\classes
2024-09-13 17:43:29,431 [Worker-49: Building] INFO  o.a.m.s.f.DefaultMavenResourcesFiltering - skip non existing resourceDirectory C:\Users\Desenvolvedor\Documents\workspace-spring-tool-suite-4-4.25.0.RELEASE\rest-with-spring-boot-and-java-erudioo\src\test\resources
2024-09-13 18:02:44,970 [Worker-56: Launching rest-with-spring-boot-and-java-erudioo - Startup] INFO  o.a.m.s.f.DefaultMavenResourcesFiltering - Copying 1 resource from src\main\resources to target\classes
2024-09-13 18:02:45,016 [Worker-56: Launching rest-with-spring-boot-and-java-erudioo - Startup] INFO  o.a.m.s.f.DefaultMavenResourcesFiltering - Copying 0 resource from src\main\resources to target\classes
2024-09-13 18:02:45,031 [Worker-56: Launching rest-with-spring-boot-and-java-erudioo - Startup] INFO  o.a.m.s.f.DefaultMavenResourcesFiltering - skip non existing resourceDirectory C:\Users\Desenvolvedor\Documents\workspace-spring-tool-suite-4-4.25.0.RELEASE\rest-with-spring-boot-and-java-erudioo\src\test\resources
